app/build/intermediates/manifest_merge_blame_file/debug/manifest-merger-blame-debug-report.txt
1<?xml version="1.0" encoding="utf-8"?>
2<manifest xmlns:android="http://schemas.android.com/apk/res/android"
3    package="edu.neu.ikigai"
4    android:versionCode="1"
5    android:versionName="1.0" >
6
7    <uses-sdk
8        android:minSdkVersion="26"
8-->src/main/AndroidManifest.xml
9        android:targetSdkVersion="32" />
9-->src/main/AndroidManifest.xml
10
11    <uses-permission android:name="android.permission.INTERNET" />
11-->src/main/AndroidManifest.xml:5:5-67
11-->src/main/AndroidManifest.xml:5:22-64
12    <uses-permission android:name="android.permission.ACCESS_FINE_LOCATION" />
12-->src/main/AndroidManifest.xml:6:5-79
12-->src/main/AndroidManifest.xml:6:22-76
13    <uses-permission android:name="android.permission.ACCESS_COARSE_LOCATION" />
13-->src/main/AndroidManifest.xml:7:5-81
13-->src/main/AndroidManifest.xml:7:22-78
14    <uses-permission android:name="android.permission.ACCESS_BACKGROUND_LOCATION" />
14-->src/main/AndroidManifest.xml:8:5-85
14-->src/main/AndroidManifest.xml:8:22-82
15    <uses-permission android:name="android.permission.ACCESS_NETWORK_STATE" />
15-->src/main/AndroidManifest.xml:9:5-79
15-->src/main/AndroidManifest.xml:9:22-76
16    <uses-permission android:name="android.permission.WAKE_LOCK" /> <!-- Required by older versions of Google Play services to create IID tokens -->
16-->[com.google.firebase:firebase-messaging:23.0.2] AndroidManifest.xml:26:5-68
16-->[com.google.firebase:firebase-messaging:23.0.2] AndroidManifest.xml:26:22-65
17    <uses-permission android:name="com.google.android.c2dm.permission.RECEIVE" />
17-->[com.google.firebase:firebase-messaging:23.0.2] AndroidManifest.xml:28:5-82
17-->[com.google.firebase:firebase-messaging:23.0.2] AndroidManifest.xml:28:22-79
18
19    <uses-feature
19-->[com.google.android.gms:play-services-maps:18.0.2] AndroidManifest.xml:26:5-28:35
20        android:glEsVersion="0x00020000"
20-->[com.google.android.gms:play-services-maps:18.0.2] AndroidManifest.xml:27:9-41
21        android:required="true" />
21-->[com.google.android.gms:play-services-maps:18.0.2] AndroidManifest.xml:28:9-32
22
23    <queries>
23-->[com.google.android.gms:play-services-maps:18.0.2] AndroidManifest.xml:30:5-34:15
24
25        <!-- Needs to be explicitly declared on Android R+ -->
26        <package android:name="com.google.android.apps.maps" />
26-->[com.google.android.gms:play-services-maps:18.0.2] AndroidManifest.xml:33:9-64
26-->[com.google.android.gms:play-services-maps:18.0.2] AndroidManifest.xml:33:18-61
27    </queries>
28
29    <uses-permission android:name="com.google.android.gms.permission.AD_ID" />
29-->[com.google.android.gms:play-services-measurement-api:20.1.1] AndroidManifest.xml:25:5-79
29-->[com.google.android.gms:play-services-measurement-api:20.1.1] AndroidManifest.xml:25:22-76
30    <uses-permission android:name="com.google.android.finsky.permission.BIND_GET_INSTALL_REFERRER_SERVICE" />
30-->[com.google.android.gms:play-services-measurement:20.1.1] AndroidManifest.xml:26:5-110
30-->[com.google.android.gms:play-services-measurement:20.1.1] AndroidManifest.xml:26:22-107
31
32    <application
32-->src/main/AndroidManifest.xml:11:5-64:19
33        android:allowBackup="true"
33-->src/main/AndroidManifest.xml:12:9-35
34        android:appComponentFactory="androidx.core.app.CoreComponentFactory"
34-->[androidx.core:core:1.7.0] AndroidManifest.xml:24:18-86
35        android:debuggable="true"
36        android:extractNativeLibs="false"
37        android:icon="@mipmap/ic_launcher"
37-->src/main/AndroidManifest.xml:13:9-43
38        android:label="@string/app_name"
38-->src/main/AndroidManifest.xml:14:9-41
39        android:roundIcon="@mipmap/ic_launcher_round"
39-->src/main/AndroidManifest.xml:15:9-54
40        android:supportsRtl="true"
40-->src/main/AndroidManifest.xml:16:9-35
41        android:testOnly="true"
42        android:theme="@style/Theme.Ikigai" >
42-->src/main/AndroidManifest.xml:17:9-44
43        <activity
43-->src/main/AndroidManifest.xml:18:9-20:40
44            android:name="edu.neu.ikigai.WorksheetCreate"
44-->src/main/AndroidManifest.xml:19:13-44
45            android:exported="false" />
45-->src/main/AndroidManifest.xml:20:13-37
46        <activity
46-->src/main/AndroidManifest.xml:21:9-23:40
47            android:name="edu.neu.ikigai.WorksheetThoughtActivity"
47-->src/main/AndroidManifest.xml:22:13-53
48            android:exported="false" />
48-->src/main/AndroidManifest.xml:23:13-37
49        <activity
49-->src/main/AndroidManifest.xml:24:9-26:40
50            android:name="edu.neu.ikigai.WorksheetEventActivity"
50-->src/main/AndroidManifest.xml:25:13-51
51            android:exported="false" />
51-->src/main/AndroidManifest.xml:26:13-37
52        <activity
52-->src/main/AndroidManifest.xml:27:9-29:40
53            android:name="edu.neu.ikigai.WorksheetDistortionsActivity"
53-->src/main/AndroidManifest.xml:28:13-57
54            android:exported="false" />
54-->src/main/AndroidManifest.xml:29:13-37
55        <activity
55-->src/main/AndroidManifest.xml:30:9-32:40
56            android:name="edu.neu.ikigai.WorksheetReasonableThoughtActivity"
56-->src/main/AndroidManifest.xml:31:13-63
57            android:exported="false" />
57-->src/main/AndroidManifest.xml:32:13-37
58        <activity
58-->src/main/AndroidManifest.xml:33:9-35:40
59            android:name="edu.neu.ikigai.ForgotPassword"
59-->src/main/AndroidManifest.xml:34:13-43
60            android:exported="false" />
60-->src/main/AndroidManifest.xml:35:13-37
61        <activity
61-->src/main/AndroidManifest.xml:36:9-38:40
62            android:name="edu.neu.ikigai.LoginActivity"
62-->src/main/AndroidManifest.xml:37:13-42
63            android:exported="false" />
63-->src/main/AndroidManifest.xml:38:13-37
64        <activity
64-->src/main/AndroidManifest.xml:39:9-41:40
65            android:name="edu.neu.ikigai.ProfileActivity"
65-->src/main/AndroidManifest.xml:40:13-44
66            android:exported="false" />
66-->src/main/AndroidManifest.xml:41:13-37
67        <activity
67-->src/main/AndroidManifest.xml:42:9-44:40
68            android:name="edu.neu.ikigai.RegisterActivity"
68-->src/main/AndroidManifest.xml:43:13-45
69            android:exported="false" />
69-->src/main/AndroidManifest.xml:44:13-37
70        <activity
70-->src/main/AndroidManifest.xml:45:9-47:40
71            android:name="edu.neu.ikigai.WorksheetDetails"
71-->src/main/AndroidManifest.xml:46:13-45
72            android:exported="false" />
72-->src/main/AndroidManifest.xml:47:13-37
73        <activity
73-->src/main/AndroidManifest.xml:48:9-50:40
74            android:name="edu.neu.ikigai.WorksheetSummary"
74-->src/main/AndroidManifest.xml:49:13-45
75            android:exported="false" />
75-->src/main/AndroidManifest.xml:50:13-37
76        <activity
76-->src/main/AndroidManifest.xml:51:9-53:40
77            android:name="edu.neu.ikigai.BottomNavigationBarFragments"
77-->src/main/AndroidManifest.xml:52:13-57
78            android:exported="false" />
78-->src/main/AndroidManifest.xml:53:13-37
79        <activity
79-->src/main/AndroidManifest.xml:54:9-63:20
80            android:name="edu.neu.ikigai.MainActivity"
80-->src/main/AndroidManifest.xml:55:13-41
81            android:exported="true" >
81-->src/main/AndroidManifest.xml:56:13-36
82            <intent-filter>
82-->src/main/AndroidManifest.xml:58:13-62:29
83                <action android:name="android.intent.action.MAIN" />
83-->src/main/AndroidManifest.xml:59:17-69
83-->src/main/AndroidManifest.xml:59:25-66
84
85                <category android:name="android.intent.category.LAUNCHER" />
85-->src/main/AndroidManifest.xml:61:17-77
85-->src/main/AndroidManifest.xml:61:27-74
86            </intent-filter>
87        </activity>
88
89        <meta-data
89-->[com.firebaseui:firebase-ui-auth:7.2.0] AndroidManifest.xml:16:9-18:69
90            android:name="com.google.android.gms.version"
90-->[com.firebaseui:firebase-ui-auth:7.2.0] AndroidManifest.xml:17:13-58
91            android:value="@integer/google_play_services_version" />
91-->[com.firebaseui:firebase-ui-auth:7.2.0] AndroidManifest.xml:18:13-66
92        <meta-data
92-->[com.firebaseui:firebase-ui-auth:7.2.0] AndroidManifest.xml:19:9-21:63
93            android:name="com.facebook.sdk.ApplicationId"
93-->[com.firebaseui:firebase-ui-auth:7.2.0] AndroidManifest.xml:20:13-58
94            android:value="@string/facebook_application_id" />
94-->[com.firebaseui:firebase-ui-auth:7.2.0] AndroidManifest.xml:21:13-60
95
96        <activity
96-->[com.firebaseui:firebase-ui-auth:7.2.0] AndroidManifest.xml:23:9-27:61
97            android:name="com.firebase.ui.auth.KickoffActivity"
97-->[com.firebaseui:firebase-ui-auth:7.2.0] AndroidManifest.xml:24:13-64
98            android:exported="false"
98-->[com.firebaseui:firebase-ui-auth:7.2.0] AndroidManifest.xml:25:13-37
99            android:label=""
99-->[com.firebaseui:firebase-ui-auth:7.2.0] AndroidManifest.xml:26:13-29
100            android:theme="@style/FirebaseUI.Transparent" />
100-->[com.firebaseui:firebase-ui-auth:7.2.0] AndroidManifest.xml:27:13-58
101        <activity
101-->[com.firebaseui:firebase-ui-auth:7.2.0] AndroidManifest.xml:28:9-32:61
102            android:name="com.firebase.ui.auth.ui.idp.SingleSignInActivity"
102-->[com.firebaseui:firebase-ui-auth:7.2.0] AndroidManifest.xml:29:13-76
103            android:exported="false"
103-->[com.firebaseui:firebase-ui-auth:7.2.0] AndroidManifest.xml:30:13-37
104            android:label=""
104-->[com.firebaseui:firebase-ui-auth:7.2.0] AndroidManifest.xml:31:13-29
105            android:theme="@style/FirebaseUI.Transparent" />
105-->[com.firebaseui:firebase-ui-auth:7.2.0] AndroidManifest.xml:32:13-58
106        <activity
106-->[com.firebaseui:firebase-ui-auth:7.2.0] AndroidManifest.xml:33:9-37:61
107            android:name="com.firebase.ui.auth.ui.credentials.CredentialSaveActivity"
107-->[com.firebaseui:firebase-ui-auth:7.2.0] AndroidManifest.xml:34:13-86
108            android:exported="false"
108-->[com.firebaseui:firebase-ui-auth:7.2.0] AndroidManifest.xml:35:13-37
109            android:label=""
109-->[com.firebaseui:firebase-ui-auth:7.2.0] AndroidManifest.xml:36:13-29
110            android:theme="@style/FirebaseUI.Transparent" />
110-->[com.firebaseui:firebase-ui-auth:7.2.0] AndroidManifest.xml:37:13-58
111        <activity
111-->[com.firebaseui:firebase-ui-auth:7.2.0] AndroidManifest.xml:38:9-42:58
112            android:name="com.firebase.ui.auth.ui.email.RecoverPasswordActivity"
112-->[com.firebaseui:firebase-ui-auth:7.2.0] AndroidManifest.xml:39:13-81
113            android:exported="false"
113-->[com.firebaseui:firebase-ui-auth:7.2.0] AndroidManifest.xml:40:13-37
114            android:label="@string/fui_title_recover_password_activity"
114-->[com.firebaseui:firebase-ui-auth:7.2.0] AndroidManifest.xml:41:13-72
115            android:windowSoftInputMode="adjustResize" />
115-->[com.firebaseui:firebase-ui-auth:7.2.0] AndroidManifest.xml:42:13-55
116        <activity
116-->[com.firebaseui:firebase-ui-auth:7.2.0] AndroidManifest.xml:43:9-47:58
117            android:name="com.firebase.ui.auth.ui.email.EmailActivity"
117-->[com.firebaseui:firebase-ui-auth:7.2.0] AndroidManifest.xml:44:13-71
118            android:exported="false"
118-->[com.firebaseui:firebase-ui-auth:7.2.0] AndroidManifest.xml:45:13-37
119            android:label="@string/fui_sign_in_default"
119-->[com.firebaseui:firebase-ui-auth:7.2.0] AndroidManifest.xml:46:13-56
120            android:windowSoftInputMode="adjustResize" />
120-->[com.firebaseui:firebase-ui-auth:7.2.0] AndroidManifest.xml:47:13-55
121        <activity
121-->[com.firebaseui:firebase-ui-auth:7.2.0] AndroidManifest.xml:48:9-52:77
122            android:name="com.firebase.ui.auth.ui.phone.PhoneActivity"
122-->[com.firebaseui:firebase-ui-auth:7.2.0] AndroidManifest.xml:49:13-71
123            android:exported="false"
123-->[com.firebaseui:firebase-ui-auth:7.2.0] AndroidManifest.xml:50:13-37
124            android:label="@string/fui_sign_in_with_phone_number"
124-->[com.firebaseui:firebase-ui-auth:7.2.0] AndroidManifest.xml:51:13-66
125            android:windowSoftInputMode="adjustResize|stateAlwaysVisible" />
125-->[com.firebaseui:firebase-ui-auth:7.2.0] AndroidManifest.xml:52:13-74
126        <activity
126-->[com.firebaseui:firebase-ui-auth:7.2.0] AndroidManifest.xml:53:9-57:58
127            android:name="com.firebase.ui.auth.ui.idp.WelcomeBackIdpPrompt"
127-->[com.firebaseui:firebase-ui-auth:7.2.0] AndroidManifest.xml:54:13-76
128            android:exported="false"
128-->[com.firebaseui:firebase-ui-auth:7.2.0] AndroidManifest.xml:55:13-37
129            android:label="@string/fui_title_welcome_back_idp_prompt"
129-->[com.firebaseui:firebase-ui-auth:7.2.0] AndroidManifest.xml:56:13-70
130            android:windowSoftInputMode="adjustResize" />
130-->[com.firebaseui:firebase-ui-auth:7.2.0] AndroidManifest.xml:57:13-55
131        <activity
131-->[com.firebaseui:firebase-ui-auth:7.2.0] AndroidManifest.xml:58:9-62:58
132            android:name="com.firebase.ui.auth.ui.email.WelcomeBackPasswordPrompt"
132-->[com.firebaseui:firebase-ui-auth:7.2.0] AndroidManifest.xml:59:13-83
133            android:exported="false"
133-->[com.firebaseui:firebase-ui-auth:7.2.0] AndroidManifest.xml:60:13-37
134            android:label="@string/fui_title_welcome_back_password_prompt"
134-->[com.firebaseui:firebase-ui-auth:7.2.0] AndroidManifest.xml:61:13-75
135            android:windowSoftInputMode="adjustResize" />
135-->[com.firebaseui:firebase-ui-auth:7.2.0] AndroidManifest.xml:62:13-55
136        <activity
136-->[com.firebaseui:firebase-ui-auth:7.2.0] AndroidManifest.xml:63:9-67:58
137            android:name="com.firebase.ui.auth.ui.email.WelcomeBackEmailLinkPrompt"
137-->[com.firebaseui:firebase-ui-auth:7.2.0] AndroidManifest.xml:64:13-84
138            android:exported="false"
138-->[com.firebaseui:firebase-ui-auth:7.2.0] AndroidManifest.xml:65:13-37
139            android:label="@string/fui_title_welcome_back_password_prompt"
139-->[com.firebaseui:firebase-ui-auth:7.2.0] AndroidManifest.xml:66:13-75
140            android:windowSoftInputMode="adjustResize" />
140-->[com.firebaseui:firebase-ui-auth:7.2.0] AndroidManifest.xml:67:13-55
141        <activity
141-->[com.firebaseui:firebase-ui-auth:7.2.0] AndroidManifest.xml:68:9-73:58
142            android:name="com.firebase.ui.auth.ui.email.EmailLinkCatcherActivity"
142-->[com.firebaseui:firebase-ui-auth:7.2.0] AndroidManifest.xml:69:13-82
143            android:exported="false"
143-->[com.firebaseui:firebase-ui-auth:7.2.0] AndroidManifest.xml:70:13-37
144            android:label=""
144-->[com.firebaseui:firebase-ui-auth:7.2.0] AndroidManifest.xml:71:13-29
145            android:theme="@style/FirebaseUI.Transparent"
145-->[com.firebaseui:firebase-ui-auth:7.2.0] AndroidManifest.xml:72:13-58
146            android:windowSoftInputMode="adjustResize" />
146-->[com.firebaseui:firebase-ui-auth:7.2.0] AndroidManifest.xml:73:13-55
147        <activity
147-->[com.firebaseui:firebase-ui-auth:7.2.0] AndroidManifest.xml:74:9-78:58
148            android:name="com.firebase.ui.auth.ui.email.EmailLinkErrorRecoveryActivity"
148-->[com.firebaseui:firebase-ui-auth:7.2.0] AndroidManifest.xml:75:13-88
149            android:exported="false"
149-->[com.firebaseui:firebase-ui-auth:7.2.0] AndroidManifest.xml:76:13-37
150            android:label="@string/fui_sign_in_default"
150-->[com.firebaseui:firebase-ui-auth:7.2.0] AndroidManifest.xml:77:13-56
151            android:windowSoftInputMode="adjustResize" />
151-->[com.firebaseui:firebase-ui-auth:7.2.0] AndroidManifest.xml:78:13-55
152        <activity
152-->[com.firebaseui:firebase-ui-auth:7.2.0] AndroidManifest.xml:79:9-82:65
153            android:name="com.firebase.ui.auth.ui.idp.AuthMethodPickerActivity"
153-->[com.firebaseui:firebase-ui-auth:7.2.0] AndroidManifest.xml:80:13-80
154            android:exported="false"
154-->[com.firebaseui:firebase-ui-auth:7.2.0] AndroidManifest.xml:81:13-37
155            android:label="@string/fui_default_toolbar_title" />
155-->[com.firebaseui:firebase-ui-auth:7.2.0] AndroidManifest.xml:82:13-62
156        <activity
156-->[com.firebaseui:firebase-ui-auth:7.2.0] AndroidManifest.xml:83:9-87:48
157            android:name="com.facebook.FacebookActivity"
157-->[com.firebaseui:firebase-ui-auth:7.2.0] AndroidManifest.xml:84:13-57
158            android:configChanges="keyboard|keyboardHidden|screenLayout|screenSize|orientation"
158-->[com.firebaseui:firebase-ui-auth:7.2.0] AndroidManifest.xml:85:13-96
159            android:label="@string/app_name" />
159-->[com.firebaseui:firebase-ui-auth:7.2.0] AndroidManifest.xml:86:13-45
160        <activity
160-->[com.firebaseui:firebase-ui-auth:7.2.0] AndroidManifest.xml:88:9-100:20
161            android:name="com.facebook.CustomTabActivity"
161-->[com.firebaseui:firebase-ui-auth:7.2.0] AndroidManifest.xml:89:13-58
162            android:exported="true" >
162-->[com.firebaseui:firebase-ui-auth:7.2.0] AndroidManifest.xml:90:13-36
163            <intent-filter>
163-->[com.firebaseui:firebase-ui-auth:7.2.0] AndroidManifest.xml:92:13-99:29
164                <action android:name="android.intent.action.VIEW" />
164-->[com.firebaseui:firebase-ui-auth:7.2.0] AndroidManifest.xml:93:17-69
164-->[com.firebaseui:firebase-ui-auth:7.2.0] AndroidManifest.xml:93:25-66
165
166                <category android:name="android.intent.category.DEFAULT" />
166-->[com.firebaseui:firebase-ui-auth:7.2.0] AndroidManifest.xml:95:17-76
166-->[com.firebaseui:firebase-ui-auth:7.2.0] AndroidManifest.xml:95:27-73
167                <category android:name="android.intent.category.BROWSABLE" />
167-->[com.firebaseui:firebase-ui-auth:7.2.0] AndroidManifest.xml:96:17-78
167-->[com.firebaseui:firebase-ui-auth:7.2.0] AndroidManifest.xml:96:27-75
168
169                <data android:scheme="@string/facebook_login_protocol_scheme" />
169-->[com.firebaseui:firebase-ui-auth:7.2.0] AndroidManifest.xml:98:17-81
169-->[com.firebaseui:firebase-ui-auth:7.2.0] AndroidManifest.xml:98:23-78
170            </intent-filter>
171        </activity>
172
173        <provider
173-->[com.firebaseui:firebase-ui-auth:7.2.0] AndroidManifest.xml:102:9-106:38
174            android:name="com.firebase.ui.auth.data.client.AuthUiInitProvider"
174-->[com.firebaseui:firebase-ui-auth:7.2.0] AndroidManifest.xml:103:13-79
175            android:authorities="edu.neu.ikigai.authuiinitprovider"
175-->[com.firebaseui:firebase-ui-auth:7.2.0] AndroidManifest.xml:104:13-70
176            android:exported="false"
176-->[com.firebaseui:firebase-ui-auth:7.2.0] AndroidManifest.xml:105:13-37
177            android:initOrder="90" />
177-->[com.firebaseui:firebase-ui-auth:7.2.0] AndroidManifest.xml:106:13-35
178
179        <service
179-->[com.google.firebase:firebase-database:20.0.4] AndroidManifest.xml:29:9-35:19
180            android:name="com.google.firebase.components.ComponentDiscoveryService"
180-->[com.google.firebase:firebase-database:20.0.4] AndroidManifest.xml:30:13-84
181            android:directBootAware="true"
181-->[com.google.firebase:firebase-common:20.1.0] AndroidManifest.xml:35:13-43
182            android:exported="false" >
182-->[com.google.firebase:firebase-database:20.0.4] AndroidManifest.xml:31:13-37
183            <meta-data
183-->[com.google.firebase:firebase-database:20.0.4] AndroidManifest.xml:32:13-34:85
184                android:name="com.google.firebase.components:com.google.firebase.database.DatabaseRegistrar"
184-->[com.google.firebase:firebase-database:20.0.4] AndroidManifest.xml:33:17-109
185                android:value="com.google.firebase.components.ComponentRegistrar" />
185-->[com.google.firebase:firebase-database:20.0.4] AndroidManifest.xml:34:17-82
186            <meta-data
186-->[com.google.firebase:firebase-auth:21.0.3] AndroidManifest.xml:67:13-69:85
187                android:name="com.google.firebase.components:com.google.firebase.auth.FirebaseAuthRegistrar"
187-->[com.google.firebase:firebase-auth:21.0.3] AndroidManifest.xml:68:17-109
188                android:value="com.google.firebase.components.ComponentRegistrar" />
188-->[com.google.firebase:firebase-auth:21.0.3] AndroidManifest.xml:69:17-82
189            <meta-data
189-->[com.google.firebase:firebase-messaging:23.0.2] AndroidManifest.xml:55:13-57:85
190                android:name="com.google.firebase.components:com.google.firebase.messaging.FirebaseMessagingRegistrar"
190-->[com.google.firebase:firebase-messaging:23.0.2] AndroidManifest.xml:56:17-119
191                android:value="com.google.firebase.components.ComponentRegistrar" />
191-->[com.google.firebase:firebase-messaging:23.0.2] AndroidManifest.xml:57:17-82
192            <meta-data
192-->[com.google.firebase:firebase-datatransport:18.1.1] AndroidManifest.xml:28:13-30:85
193                android:name="com.google.firebase.components:com.google.firebase.datatransport.TransportRegistrar"
193-->[com.google.firebase:firebase-datatransport:18.1.1] AndroidManifest.xml:29:17-115
194                android:value="com.google.firebase.components.ComponentRegistrar" />
194-->[com.google.firebase:firebase-datatransport:18.1.1] AndroidManifest.xml:30:17-82
195            <meta-data
195-->[com.google.android.gms:play-services-measurement-api:20.1.1] AndroidManifest.xml:31:13-33:85
196                android:name="com.google.firebase.components:com.google.firebase.analytics.connector.internal.AnalyticsConnectorRegistrar"
196-->[com.google.android.gms:play-services-measurement-api:20.1.1] AndroidManifest.xml:32:17-139
197                android:value="com.google.firebase.components.ComponentRegistrar" />
197-->[com.google.android.gms:play-services-measurement-api:20.1.1] AndroidManifest.xml:33:17-82
198            <meta-data
198-->[com.google.firebase:firebase-installations:17.0.1] AndroidManifest.xml:18:13-20:85
199                android:name="com.google.firebase.components:com.google.firebase.installations.FirebaseInstallationsRegistrar"
199-->[com.google.firebase:firebase-installations:17.0.1] AndroidManifest.xml:19:17-127
200                android:value="com.google.firebase.components.ComponentRegistrar" />
200-->[com.google.firebase:firebase-installations:17.0.1] AndroidManifest.xml:20:17-82
201        </service>
202
203        <activity
203-->[com.google.firebase:firebase-auth:21.0.3] AndroidManifest.xml:27:9-44:20
204            android:name="com.google.firebase.auth.internal.GenericIdpActivity"
204-->[com.google.firebase:firebase-auth:21.0.3] AndroidManifest.xml:28:13-80
205            android:excludeFromRecents="true"
205-->[com.google.firebase:firebase-auth:21.0.3] AndroidManifest.xml:29:13-46
206            android:exported="true"
206-->[com.google.firebase:firebase-auth:21.0.3] AndroidManifest.xml:30:13-36
207            android:launchMode="singleTask"
207-->[com.google.firebase:firebase-auth:21.0.3] AndroidManifest.xml:31:13-44
208            android:theme="@android:style/Theme.Translucent.NoTitleBar" >
208-->[com.google.firebase:firebase-auth:21.0.3] AndroidManifest.xml:32:13-72
209            <intent-filter>
209-->[com.google.firebase:firebase-auth:21.0.3] AndroidManifest.xml:33:13-43:29
210                <action android:name="android.intent.action.VIEW" />
210-->[com.firebaseui:firebase-ui-auth:7.2.0] AndroidManifest.xml:93:17-69
210-->[com.firebaseui:firebase-ui-auth:7.2.0] AndroidManifest.xml:93:25-66
211
212                <category android:name="android.intent.category.DEFAULT" />
212-->[com.firebaseui:firebase-ui-auth:7.2.0] AndroidManifest.xml:95:17-76
212-->[com.firebaseui:firebase-ui-auth:7.2.0] AndroidManifest.xml:95:27-73
213                <category android:name="android.intent.category.BROWSABLE" />
213-->[com.firebaseui:firebase-ui-auth:7.2.0] AndroidManifest.xml:96:17-78
213-->[com.firebaseui:firebase-ui-auth:7.2.0] AndroidManifest.xml:96:27-75
214
215                <data
215-->[com.firebaseui:firebase-ui-auth:7.2.0] AndroidManifest.xml:98:17-81
216                    android:host="firebase.auth"
217                    android:path="/"
218                    android:scheme="genericidp" />
218-->[com.firebaseui:firebase-ui-auth:7.2.0] AndroidManifest.xml:98:23-78
219            </intent-filter>
220        </activity>
221        <activity
221-->[com.google.firebase:firebase-auth:21.0.3] AndroidManifest.xml:45:9-62:20
222            android:name="com.google.firebase.auth.internal.RecaptchaActivity"
222-->[com.google.firebase:firebase-auth:21.0.3] AndroidManifest.xml:46:13-79
223            android:excludeFromRecents="true"
223-->[com.google.firebase:firebase-auth:21.0.3] AndroidManifest.xml:47:13-46
224            android:exported="true"
224-->[com.google.firebase:firebase-auth:21.0.3] AndroidManifest.xml:48:13-36
225            android:launchMode="singleTask"
225-->[com.google.firebase:firebase-auth:21.0.3] AndroidManifest.xml:49:13-44
226            android:theme="@android:style/Theme.Translucent.NoTitleBar" >
226-->[com.google.firebase:firebase-auth:21.0.3] AndroidManifest.xml:50:13-72
227            <intent-filter>
227-->[com.google.firebase:firebase-auth:21.0.3] AndroidManifest.xml:51:13-61:29
228                <action android:name="android.intent.action.VIEW" />
228-->[com.firebaseui:firebase-ui-auth:7.2.0] AndroidManifest.xml:93:17-69
228-->[com.firebaseui:firebase-ui-auth:7.2.0] AndroidManifest.xml:93:25-66
229
230                <category android:name="android.intent.category.DEFAULT" />
230-->[com.firebaseui:firebase-ui-auth:7.2.0] AndroidManifest.xml:95:17-76
230-->[com.firebaseui:firebase-ui-auth:7.2.0] AndroidManifest.xml:95:27-73
231                <category android:name="android.intent.category.BROWSABLE" />
231-->[com.firebaseui:firebase-ui-auth:7.2.0] AndroidManifest.xml:96:17-78
231-->[com.firebaseui:firebase-ui-auth:7.2.0] AndroidManifest.xml:96:27-75
232
233                <data
233-->[com.firebaseui:firebase-ui-auth:7.2.0] AndroidManifest.xml:98:17-81
234                    android:host="firebase.auth"
235                    android:path="/"
236                    android:scheme="recaptcha" />
236-->[com.firebaseui:firebase-ui-auth:7.2.0] AndroidManifest.xml:98:23-78
237            </intent-filter>
238        </activity>
239
240        <receiver
240-->[com.google.firebase:firebase-messaging:23.0.2] AndroidManifest.xml:31:9-38:20
241            android:name="com.google.firebase.iid.FirebaseInstanceIdReceiver"
241-->[com.google.firebase:firebase-messaging:23.0.2] AndroidManifest.xml:32:13-78
242            android:exported="true"
242-->[com.google.firebase:firebase-messaging:23.0.2] AndroidManifest.xml:33:13-36
243            android:permission="com.google.android.c2dm.permission.SEND" >
243-->[com.google.firebase:firebase-messaging:23.0.2] AndroidManifest.xml:34:13-73
244            <intent-filter>
244-->[com.google.firebase:firebase-messaging:23.0.2] AndroidManifest.xml:35:13-37:29
245                <action android:name="com.google.android.c2dm.intent.RECEIVE" />
245-->[com.google.firebase:firebase-messaging:23.0.2] AndroidManifest.xml:36:17-81
245-->[com.google.firebase:firebase-messaging:23.0.2] AndroidManifest.xml:36:25-78
246            </intent-filter>
247        </receiver>
248        <!--
249             FirebaseMessagingService performs security checks at runtime,
250             but set to not exported to explicitly avoid allowing another app to call it.
251        -->
252        <service
252-->[com.google.firebase:firebase-messaging:23.0.2] AndroidManifest.xml:44:9-51:19
253            android:name="com.google.firebase.messaging.FirebaseMessagingService"
253-->[com.google.firebase:firebase-messaging:23.0.2] AndroidManifest.xml:45:13-82
254            android:directBootAware="true"
254-->[com.google.firebase:firebase-messaging:23.0.2] AndroidManifest.xml:46:13-43
255            android:exported="false" >
255-->[com.google.firebase:firebase-messaging:23.0.2] AndroidManifest.xml:47:13-37
256            <intent-filter android:priority="-500" >
256-->[com.google.firebase:firebase-messaging:23.0.2] AndroidManifest.xml:48:13-50:29
256-->[com.google.firebase:firebase-messaging:23.0.2] AndroidManifest.xml:48:28-51
257                <action android:name="com.google.firebase.MESSAGING_EVENT" />
257-->[com.google.firebase:firebase-messaging:23.0.2] AndroidManifest.xml:49:17-78
257-->[com.google.firebase:firebase-messaging:23.0.2] AndroidManifest.xml:49:25-75
258            </intent-filter>
259        </service> <!-- Needs to be explicitly declared on P+ -->
260        <uses-library
260-->[com.google.android.gms:play-services-maps:18.0.2] AndroidManifest.xml:39:9-41:40
261            android:name="org.apache.http.legacy"
261-->[com.google.android.gms:play-services-maps:18.0.2] AndroidManifest.xml:40:13-50
262            android:required="false" />
262-->[com.google.android.gms:play-services-maps:18.0.2] AndroidManifest.xml:41:13-37
263
264        <service
264-->[com.google.android.datatransport:transport-backend-cct:3.1.2] AndroidManifest.xml:29:9-35:19
265            android:name="com.google.android.datatransport.runtime.backends.TransportBackendDiscovery"
265-->[com.google.android.datatransport:transport-backend-cct:3.1.2] AndroidManifest.xml:30:13-103
266            android:exported="false" >
266-->[com.google.android.datatransport:transport-backend-cct:3.1.2] AndroidManifest.xml:31:13-37
267            <meta-data
267-->[com.google.android.datatransport:transport-backend-cct:3.1.2] AndroidManifest.xml:32:13-34:39
268                android:name="backend:com.google.android.datatransport.cct.CctBackendFactory"
268-->[com.google.android.datatransport:transport-backend-cct:3.1.2] AndroidManifest.xml:33:17-94
269                android:value="cct" />
269-->[com.google.android.datatransport:transport-backend-cct:3.1.2] AndroidManifest.xml:34:17-36
270        </service>
271        <service
271-->[com.google.android.datatransport:transport-runtime:3.1.2] AndroidManifest.xml:26:9-30:19